{"name":"hashmaptesting","status":"skipped","statusDetails":{"known":false,"muted":false,"flaky":false,"message":"com.fasterxml.jackson.core.JsonParseException: Unrecognized token 'src': was expecting ('true', 'false' or 'null')\n at [Source: (String)\"src\\test\\java\\CustomerApp_Package\\Requests_Folder\\patientTestData_AllValidData.json\"; line: 1, column: 4]","trace":"java.lang.RuntimeException: com.fasterxml.jackson.core.JsonParseException: Unrecognized token 'src': was expecting ('true', 'false' or 'null')\n at [Source: (String)\"src\\test\\java\\CustomerApp_Package\\Requests_Folder\\patientTestData_AllValidData.json\"; line: 1, column: 4]\r\n\tat org.testng.internal.MethodInvocationHelper.invokeMethodNoCheckedException(MethodInvocationHelper.java:49)\r\n\tat org.testng.internal.MethodInvocationHelper.invokeDataProvider(MethodInvocationHelper.java:145)\r\n\tat org.testng.internal.Parameters.handleParameters(Parameters.java:797)\r\n\tat org.testng.internal.Parameters.handleParameters(Parameters.java:740)\r\n\tat org.testng.internal.ParameterHandler.handleParameters(ParameterHandler.java:59)\r\n\tat org.testng.internal.ParameterHandler.createParameters(ParameterHandler.java:38)\r\n\tat org.testng.internal.TestInvoker$MethodInvocationAgent.invoke(TestInvoker.java:789)\r\n\tat org.testng.internal.TestInvoker.invokeTestMethods(TestInvoker.java:147)\r\n\tat org.testng.internal.TestMethodWorker.invokeTestMethods(TestMethodWorker.java:146)\r\n\tat org.testng.internal.TestMethodWorker.run(TestMethodWorker.java:128)\r\n\tat java.base/java.util.ArrayList.forEach(ArrayList.java:1511)\r\n\tat org.testng.TestRunner.privateRun(TestRunner.java:764)\r\n\tat org.testng.TestRunner.run(TestRunner.java:585)\r\n\tat org.testng.SuiteRunner.runTest(SuiteRunner.java:384)\r\n\tat org.testng.SuiteRunner.runSequentially(SuiteRunner.java:378)\r\n\tat org.testng.SuiteRunner.privateRun(SuiteRunner.java:337)\r\n\tat org.testng.SuiteRunner.run(SuiteRunner.java:286)\r\n\tat org.testng.SuiteRunnerWorker.runSuite(SuiteRunnerWorker.java:53)\r\n\tat org.testng.SuiteRunnerWorker.run(SuiteRunnerWorker.java:96)\r\n\tat org.testng.TestNG.runSuitesSequentially(TestNG.java:1218)\r\n\tat org.testng.TestNG.runSuitesLocally(TestNG.java:1140)\r\n\tat org.testng.TestNG.runSuites(TestNG.java:1069)\r\n\tat org.testng.TestNG.run(TestNG.java:1037)\r\n\tat org.testng.remote.AbstractRemoteTestNG.run(AbstractRemoteTestNG.java:115)\r\n\tat org.testng.remote.RemoteTestNG.initAndRun(RemoteTestNG.java:251)\r\n\tat org.testng.remote.RemoteTestNG.main(RemoteTestNG.java:77)\r\nCaused by: com.fasterxml.jackson.core.JsonParseException: Unrecognized token 'src': was expecting ('true', 'false' or 'null')\n at [Source: (String)\"src\\test\\java\\CustomerApp_Package\\Requests_Folder\\patientTestData_AllValidData.json\"; line: 1, column: 4]\r\n\tat com.fasterxml.jackson.core.JsonParser._constructError(JsonParser.java:1804)\r\n\tat com.fasterxml.jackson.core.base.ParserMinimalBase._reportError(ParserMinimalBase.java:703)\r\n\tat com.fasterxml.jackson.core.json.ReaderBasedJsonParser._reportInvalidToken(ReaderBasedJsonParser.java:2853)\r\n\tat com.fasterxml.jackson.core.json.ReaderBasedJsonParser._handleOddValue(ReaderBasedJsonParser.java:1899)\r\n\tat com.fasterxml.jackson.core.json.ReaderBasedJsonParser.nextToken(ReaderBasedJsonParser.java:757)\r\n\tat com.fasterxml.jackson.databind.ObjectMapper._initForReading(ObjectMapper.java:4141)\r\n\tat com.fasterxml.jackson.databind.ObjectMapper._readMapAndClose(ObjectMapper.java:4000)\r\n\tat com.fasterxml.jackson.databind.ObjectMapper.readValue(ObjectMapper.java:3023)\r\n\tat CustomerApp_Package.TestScripts_Folder.PatientScripts.CreatePatient.payload1(CreatePatient.java:43)\r\n\tat java.base/jdk.internal.reflect.NativeMethodAccessorImpl.invoke0(Native Method)\r\n\tat java.base/jdk.internal.reflect.NativeMethodAccessorImpl.invoke(NativeMethodAccessorImpl.java:64)\r\n\tat java.base/jdk.internal.reflect.DelegatingMethodAccessorImpl.invoke(DelegatingMethodAccessorImpl.java:43)\r\n\tat java.base/java.lang.reflect.Method.invoke(Method.java:564)\r\n\tat org.testng.internal.MethodInvocationHelper.invokeMethod(MethodInvocationHelper.java:132)\r\n\tat org.testng.internal.MethodInvocationHelper.invokeMethod(MethodInvocationHelper.java:76)\r\n\tat org.testng.internal.MethodInvocationHelper.invokeMethodNoCheckedException(MethodInvocationHelper.java:45)\r\n\t... 25 more\r\n"},"stage":"finished","steps":[],"attachments":[],"parameters":[],"start":1612935287917,"stop":1612935287918,"uuid":"409530fc-92ca-4469-a7b7-a021f27c48fc","historyId":"3e7821016e0b672e35a8cd40b3bc08c","fullName":"CustomerApp_Package.TestScripts_Folder.PatientScripts.CreatePatient.hashmaptesting","labels":[{"name":"package","value":"CustomerApp_Package.TestScripts_Folder.PatientScripts.CreatePatient"},{"name":"testClass","value":"CustomerApp_Package.TestScripts_Folder.PatientScripts.CreatePatient"},{"name":"testMethod","value":"hashmaptesting"},{"name":"parentSuite","value":"Default suite"},{"name":"suite","value":"Default test"},{"name":"subSuite","value":"CustomerApp_Package.TestScripts_Folder.PatientScripts.CreatePatient"},{"name":"host","value":"HCAH-L-PF19KTHT"},{"name":"thread","value":"12752@HCAH-L-PF19KTHT.main(1)"},{"name":"framework","value":"testng"},{"name":"language","value":"java"}],"links":[]}